2012/09/28 23:34:12 [error] [exception.CHttpException.404] exception 'CHttpException' with message 'The requested page does not exist.' in X:\home\demo\www\forms\protected\controllers\UsersController.php:189
Stack trace:
#0 X:\home\demo\www\forms\protected\controllers\UsersController.php(76): UsersController->loadModel(NULL)
#1 X:\home\demo\YiiRoot\framework\web\actions\CInlineAction.php(50): UsersController->actionProfile()
#2 X:\home\demo\YiiRoot\framework\web\CController.php(309): CInlineAction->runWithParams(Array)
#3 X:\home\demo\YiiRoot\framework\web\filters\CFilterChain.php(134): CController->runAction(Object(CInlineAction))
#4 X:\home\demo\YiiRoot\framework\web\filters\CFilter.php(41): CFilterChain->run()
#5 X:\home\demo\YiiRoot\framework\web\CController.php(1146): CFilter->filter(Object(CFilterChain))
#6 X:\home\demo\YiiRoot\framework\web\filters\CInlineFilter.php(59): CController->filterAccessControl(Object(CFilterChain))
#7 X:\home\demo\YiiRoot\framework\web\filters\CFilterChain.php(131): CInlineFilter->filter(Object(CFilterChain))
#8 X:\home\demo\YiiRoot\framework\web\CController.php(292): CFilterChain->run()
#9 X:\home\demo\YiiRoot\framework\web\CController.php(266): CController->runActionWithFilters(Object(CInlineAction), Array)
#10 X:\home\demo\YiiRoot\framework\web\CWebApplication.php(283): CController->run('profile')
#11 X:\home\demo\YiiRoot\framework\web\CWebApplication.php(142): CWebApplication->runController('users/profile')
#12 X:\home\demo\YiiRoot\framework\base\CApplication.php(162): CWebApplication->processRequest()
#13 X:\home\demo\www\forms\index.php(13): CApplication->run()
#14 {main}
REQUEST_URI=/forms/index.php?r=users/profile&id=77
HTTP_REFERER=http://demo/forms/index.php?r=users
---
2012/09/28 23:34:16 [error] [exception.CHttpException.404] exception 'CHttpException' with message 'The requested page does not exist.' in X:\home\demo\www\forms\protected\controllers\UsersController.php:189
Stack trace:
#0 X:\home\demo\www\forms\protected\controllers\UsersController.php(76): UsersController->loadModel(NULL)
#1 X:\home\demo\YiiRoot\framework\web\actions\CInlineAction.php(50): UsersController->actionProfile()
#2 X:\home\demo\YiiRoot\framework\web\CController.php(309): CInlineAction->runWithParams(Array)
#3 X:\home\demo\YiiRoot\framework\web\filters\CFilterChain.php(134): CController->runAction(Object(CInlineAction))
#4 X:\home\demo\YiiRoot\framework\web\filters\CFilter.php(41): CFilterChain->run()
#5 X:\home\demo\YiiRoot\framework\web\CController.php(1146): CFilter->filter(Object(CFilterChain))
#6 X:\home\demo\YiiRoot\framework\web\filters\CInlineFilter.php(59): CController->filterAccessControl(Object(CFilterChain))
#7 X:\home\demo\YiiRoot\framework\web\filters\CFilterChain.php(131): CInlineFilter->filter(Object(CFilterChain))
#8 X:\home\demo\YiiRoot\framework\web\CController.php(292): CFilterChain->run()
#9 X:\home\demo\YiiRoot\framework\web\CController.php(266): CController->runActionWithFilters(Object(CInlineAction), Array)
#10 X:\home\demo\YiiRoot\framework\web\CWebApplication.php(283): CController->run('profile')
#11 X:\home\demo\YiiRoot\framework\web\CWebApplication.php(142): CWebApplication->runController('users/profile')
#12 X:\home\demo\YiiRoot\framework\base\CApplication.php(162): CWebApplication->processRequest()
#13 X:\home\demo\www\forms\index.php(13): CApplication->run()
#14 {main}
REQUEST_URI=/forms/index.php?r=users/profile&id=77
HTTP_REFERER=http://demo/forms/index.php?r=users
---
2012/09/28 23:39:48 [error] [exception.CException] exception 'CException' with message 'CActiveForm and its behaviors do not have a method or closure named "isAttributeRequired".' in X:\home\demo\YiiRoot\framework\base\CComponent.php:266
Stack trace:
#0 X:\home\demo\YiiRoot\framework\web\helpers\CHtml.php(1197): CComponent->__call('isAttributeRequ...', Array)
#1 X:\home\demo\YiiRoot\framework\web\helpers\CHtml.php(1197): CActiveForm->isAttributeRequired('login')
#2 X:\home\demo\YiiRoot\framework\web\widgets\CActiveForm.php(563): CHtml::activeLabelEx(Object(CActiveForm), 'login', Array)
#3 X:\home\demo\www\forms\protected\views\user\login.php(13): CActiveForm->labelEx(Object(CActiveForm), 'login')
#4 X:\home\demo\YiiRoot\framework\web\CBaseController.php(127): require('X:\home\demo\ww...')
#5 X:\home\demo\YiiRoot\framework\web\CBaseController.php(96): CBaseController->renderInternal('X:\home\demo\ww...', Array, true)
#6 X:\home\demo\YiiRoot\framework\web\CController.php(870): CBaseController->renderFile('X:\home\demo\ww...', Array, true)
#7 X:\home\demo\YiiRoot\framework\web\CController.php(783): CController->renderPartial('login', Array, true)
#8 X:\home\demo\www\forms\protected\controllers\UserController.php(55): CController->render('login', Array)
#9 X:\home\demo\YiiRoot\framework\web\actions\CInlineAction.php(50): UserController->actionLogin()
#10 X:\home\demo\YiiRoot\framework\web\CController.php(309): CInlineAction->runWithParams(Array)
#11 X:\home\demo\YiiRoot\framework\web\CController.php(287): CController->runAction(Object(CInlineAction))
#12 X:\home\demo\YiiRoot\framework\web\CController.php(266): CController->runActionWithFilters(Object(CInlineAction), Array)
#13 X:\home\demo\YiiRoot\framework\web\CWebApplication.php(283): CController->run('login')
#14 X:\home\demo\YiiRoot\framework\web\CWebApplication.php(142): CWebApplication->runController('')
#15 X:\home\demo\YiiRoot\framework\base\CApplication.php(162): CWebApplication->processRequest()
#16 X:\home\demo\www\forms\index.php(13): CApplication->run()
#17 {main}
REQUEST_URI=/forms/index.php
HTTP_REFERER=http://demo/forms/index.php?r=users/profile&id=77
---
2012/09/28 23:41:10 [error] [exception.CException] exception 'CException' with message 'CActiveForm and its behaviors do not have a method or closure named "isAttributeRequired".' in X:\home\demo\YiiRoot\framework\base\CComponent.php:266
Stack trace:
#0 X:\home\demo\YiiRoot\framework\web\helpers\CHtml.php(1197): CComponent->__call('isAttributeRequ...', Array)
#1 X:\home\demo\YiiRoot\framework\web\helpers\CHtml.php(1197): CActiveForm->isAttributeRequired('login')
#2 X:\home\demo\YiiRoot\framework\web\widgets\CActiveForm.php(563): CHtml::activeLabelEx(Object(CActiveForm), 'login', Array)
#3 X:\home\demo\www\forms\protected\views\user\login.php(13): CActiveForm->labelEx(Object(CActiveForm), 'login')
#4 X:\home\demo\YiiRoot\framework\web\CBaseController.php(127): require('X:\home\demo\ww...')
#5 X:\home\demo\YiiRoot\framework\web\CBaseController.php(96): CBaseController->renderInternal('X:\home\demo\ww...', Array, true)
#6 X:\home\demo\YiiRoot\framework\web\CController.php(870): CBaseController->renderFile('X:\home\demo\ww...', Array, true)
#7 X:\home\demo\YiiRoot\framework\web\CController.php(783): CController->renderPartial('login', Array, true)
#8 X:\home\demo\www\forms\protected\controllers\UserController.php(55): CController->render('login', Array)
#9 X:\home\demo\YiiRoot\framework\web\actions\CInlineAction.php(50): UserController->actionLogin()
#10 X:\home\demo\YiiRoot\framework\web\CController.php(309): CInlineAction->runWithParams(Array)
#11 X:\home\demo\YiiRoot\framework\web\CController.php(287): CController->runAction(Object(CInlineAction))
#12 X:\home\demo\YiiRoot\framework\web\CController.php(266): CController->runActionWithFilters(Object(CInlineAction), Array)
#13 X:\home\demo\YiiRoot\framework\web\CWebApplication.php(283): CController->run('login')
#14 X:\home\demo\YiiRoot\framework\web\CWebApplication.php(142): CWebApplication->runController('')
#15 X:\home\demo\YiiRoot\framework\base\CApplication.php(162): CWebApplication->processRequest()
#16 X:\home\demo\www\forms\index.php(13): CApplication->run()
#17 {main}
REQUEST_URI=/forms/index.php
HTTP_REFERER=http://demo/forms/index.php?r=users/profile&id=77
---
2012/09/28 23:41:17 [error] [exception.CException] exception 'CException' with message 'CActiveForm and its behaviors do not have a method or closure named "isAttributeRequired".' in X:\home\demo\YiiRoot\framework\base\CComponent.php:266
Stack trace:
#0 X:\home\demo\YiiRoot\framework\web\helpers\CHtml.php(1197): CComponent->__call('isAttributeRequ...', Array)
#1 X:\home\demo\YiiRoot\framework\web\helpers\CHtml.php(1197): CActiveForm->isAttributeRequired('login')
#2 X:\home\demo\YiiRoot\framework\web\widgets\CActiveForm.php(563): CHtml::activeLabelEx(Object(CActiveForm), 'login', Array)
#3 X:\home\demo\www\forms\protected\views\user\login.php(13): CActiveForm->labelEx(Object(CActiveForm), 'login')
#4 X:\home\demo\YiiRoot\framework\web\CBaseController.php(127): require('X:\home\demo\ww...')
#5 X:\home\demo\YiiRoot\framework\web\CBaseController.php(96): CBaseController->renderInternal('X:\home\demo\ww...', Array, true)
#6 X:\home\demo\YiiRoot\framework\web\CController.php(870): CBaseController->renderFile('X:\home\demo\ww...', Array, true)
#7 X:\home\demo\YiiRoot\framework\web\CController.php(783): CController->renderPartial('login', Array, true)
#8 X:\home\demo\www\forms\protected\controllers\UserController.php(55): CController->render('login', Array)
#9 X:\home\demo\YiiRoot\framework\web\actions\CInlineAction.php(50): UserController->actionLogin()
#10 X:\home\demo\YiiRoot\framework\web\CController.php(309): CInlineAction->runWithParams(Array)
#11 X:\home\demo\YiiRoot\framework\web\CController.php(287): CController->runAction(Object(CInlineAction))
#12 X:\home\demo\YiiRoot\framework\web\CController.php(266): CController->runActionWithFilters(Object(CInlineAction), Array)
#13 X:\home\demo\YiiRoot\framework\web\CWebApplication.php(283): CController->run('login')
#14 X:\home\demo\YiiRoot\framework\web\CWebApplication.php(142): CWebApplication->runController('')
#15 X:\home\demo\YiiRoot\framework\base\CApplication.php(162): CWebApplication->processRequest()
#16 X:\home\demo\www\forms\index.php(13): CApplication->run()
#17 {main}
REQUEST_URI=/forms/index.php
---
2012/09/28 23:44:00 [error] [exception.CException] exception 'CException' with message 'CActiveForm and its behaviors do not have a method or closure named "isAttributeRequired".' in X:\home\demo\YiiRoot\framework\base\CComponent.php:266
Stack trace:
#0 X:\home\demo\YiiRoot\framework\web\helpers\CHtml.php(1197): CComponent->__call('isAttributeRequ...', Array)
#1 X:\home\demo\YiiRoot\framework\web\helpers\CHtml.php(1197): CActiveForm->isAttributeRequired('login')
#2 X:\home\demo\YiiRoot\framework\web\widgets\CActiveForm.php(563): CHtml::activeLabelEx(Object(CActiveForm), 'login', Array)
#3 X:\home\demo\www\forms\protected\views\user\login.php(13): CActiveForm->labelEx(Object(CActiveForm), 'login')
#4 X:\home\demo\YiiRoot\framework\web\CBaseController.php(127): require('X:\home\demo\ww...')
#5 X:\home\demo\YiiRoot\framework\web\CBaseController.php(96): CBaseController->renderInternal('X:\home\demo\ww...', Array, true)
#6 X:\home\demo\YiiRoot\framework\web\CController.php(870): CBaseController->renderFile('X:\home\demo\ww...', Array, true)
#7 X:\home\demo\YiiRoot\framework\web\CController.php(783): CController->renderPartial('login', Array, true)
#8 X:\home\demo\www\forms\protected\controllers\UserController.php(55): CController->render('login', Array)
#9 X:\home\demo\YiiRoot\framework\web\actions\CInlineAction.php(50): UserController->actionLogin()
#10 X:\home\demo\YiiRoot\framework\web\CController.php(309): CInlineAction->runWithParams(Array)
#11 X:\home\demo\YiiRoot\framework\web\CController.php(287): CController->runAction(Object(CInlineAction))
#12 X:\home\demo\YiiRoot\framework\web\CController.php(266): CController->runActionWithFilters(Object(CInlineAction), Array)
#13 X:\home\demo\YiiRoot\framework\web\CWebApplication.php(283): CController->run('login')
#14 X:\home\demo\YiiRoot\framework\web\CWebApplication.php(142): CWebApplication->runController('')
#15 X:\home\demo\YiiRoot\framework\base\CApplication.php(162): CWebApplication->processRequest()
#16 X:\home\demo\www\forms\index.php(13): CApplication->run()
#17 {main}
REQUEST_URI=/forms/index.php
---
2012/09/28 23:45:10 [error] [exception.CException] exception 'CException' with message 'CActiveForm and its behaviors do not have a method or closure named "isAttributeRequired".' in X:\home\demo\YiiRoot\framework\base\CComponent.php:266
Stack trace:
#0 X:\home\demo\YiiRoot\framework\web\helpers\CHtml.php(1197): CComponent->__call('isAttributeRequ...', Array)
#1 X:\home\demo\YiiRoot\framework\web\helpers\CHtml.php(1197): CActiveForm->isAttributeRequired('login')
#2 X:\home\demo\YiiRoot\framework\web\widgets\CActiveForm.php(563): CHtml::activeLabelEx(Object(CActiveForm), 'login', Array)
#3 X:\home\demo\www\forms\protected\views\user\login.php(13): CActiveForm->labelEx(Object(CActiveForm), 'login')
#4 X:\home\demo\YiiRoot\framework\web\CBaseController.php(127): require('X:\home\demo\ww...')
#5 X:\home\demo\YiiRoot\framework\web\CBaseController.php(96): CBaseController->renderInternal('X:\home\demo\ww...', Array, true)
#6 X:\home\demo\YiiRoot\framework\web\CController.php(870): CBaseController->renderFile('X:\home\demo\ww...', Array, true)
#7 X:\home\demo\YiiRoot\framework\web\CController.php(783): CController->renderPartial('login', Array, true)
#8 X:\home\demo\www\forms\protected\controllers\UserController.php(55): CController->render('login', Array)
#9 X:\home\demo\YiiRoot\framework\web\actions\CInlineAction.php(50): UserController->actionLogin()
#10 X:\home\demo\YiiRoot\framework\web\CController.php(309): CInlineAction->runWithParams(Array)
#11 X:\home\demo\YiiRoot\framework\web\CController.php(287): CController->runAction(Object(CInlineAction))
#12 X:\home\demo\YiiRoot\framework\web\CController.php(266): CController->runActionWithFilters(Object(CInlineAction), Array)
#13 X:\home\demo\YiiRoot\framework\web\CWebApplication.php(283): CController->run('login')
#14 X:\home\demo\YiiRoot\framework\web\CWebApplication.php(142): CWebApplication->runController('')
#15 X:\home\demo\YiiRoot\framework\base\CApplication.php(162): CWebApplication->processRequest()
#16 X:\home\demo\www\forms\index.php(13): CApplication->run()
#17 {main}
REQUEST_URI=/forms/index.php
---
2012/09/28 23:46:15 [error] [exception.CException] exception 'CException' with message 'CActiveForm and its behaviors do not have a method or closure named "isAttributeRequired".' in X:\home\demo\YiiRoot\framework\base\CComponent.php:266
Stack trace:
#0 X:\home\demo\YiiRoot\framework\web\helpers\CHtml.php(1197): CComponent->__call('isAttributeRequ...', Array)
#1 X:\home\demo\YiiRoot\framework\web\helpers\CHtml.php(1197): CActiveForm->isAttributeRequired('login')
#2 X:\home\demo\YiiRoot\framework\web\widgets\CActiveForm.php(563): CHtml::activeLabelEx(Object(CActiveForm), 'login', Array)
#3 X:\home\demo\www\forms\protected\views\user\login.php(13): CActiveForm->labelEx(Object(CActiveForm), 'login')
#4 X:\home\demo\YiiRoot\framework\web\CBaseController.php(127): require('X:\home\demo\ww...')
#5 X:\home\demo\YiiRoot\framework\web\CBaseController.php(96): CBaseController->renderInternal('X:\home\demo\ww...', Array, true)
#6 X:\home\demo\YiiRoot\framework\web\CController.php(870): CBaseController->renderFile('X:\home\demo\ww...', Array, true)
#7 X:\home\demo\YiiRoot\framework\web\CController.php(783): CController->renderPartial('login', Array, true)
#8 X:\home\demo\www\forms\protected\controllers\UserController.php(55): CController->render('login', Array)
#9 X:\home\demo\YiiRoot\framework\web\actions\CInlineAction.php(50): UserController->actionLogin()
#10 X:\home\demo\YiiRoot\framework\web\CController.php(309): CInlineAction->runWithParams(Array)
#11 X:\home\demo\YiiRoot\framework\web\CController.php(287): CController->runAction(Object(CInlineAction))
#12 X:\home\demo\YiiRoot\framework\web\CController.php(266): CController->runActionWithFilters(Object(CInlineAction), Array)
#13 X:\home\demo\YiiRoot\framework\web\CWebApplication.php(283): CController->run('login')
#14 X:\home\demo\YiiRoot\framework\web\CWebApplication.php(142): CWebApplication->runController('')
#15 X:\home\demo\YiiRoot\framework\base\CApplication.php(162): CWebApplication->processRequest()
#16 X:\home\demo\www\forms\index.php(13): CApplication->run()
#17 {main}
REQUEST_URI=/forms/index.php
---
2012/09/28 23:46:21 [error] [exception.CException] exception 'CException' with message 'CActiveForm and its behaviors do not have a method or closure named "isAttributeRequired".' in X:\home\demo\YiiRoot\framework\base\CComponent.php:266
Stack trace:
#0 X:\home\demo\YiiRoot\framework\web\helpers\CHtml.php(1197): CComponent->__call('isAttributeRequ...', Array)
#1 X:\home\demo\YiiRoot\framework\web\helpers\CHtml.php(1197): CActiveForm->isAttributeRequired('login')
#2 X:\home\demo\YiiRoot\framework\web\widgets\CActiveForm.php(563): CHtml::activeLabelEx(Object(CActiveForm), 'login', Array)
#3 X:\home\demo\www\forms\protected\views\user\login.php(13): CActiveForm->labelEx(Object(CActiveForm), 'login')
#4 X:\home\demo\YiiRoot\framework\web\CBaseController.php(127): require('X:\home\demo\ww...')
#5 X:\home\demo\YiiRoot\framework\web\CBaseController.php(96): CBaseController->renderInternal('X:\home\demo\ww...', Array, true)
#6 X:\home\demo\YiiRoot\framework\web\CController.php(870): CBaseController->renderFile('X:\home\demo\ww...', Array, true)
#7 X:\home\demo\YiiRoot\framework\web\CController.php(783): CController->renderPartial('login', Array, true)
#8 X:\home\demo\www\forms\protected\controllers\UserController.php(55): CController->render('login', Array)
#9 X:\home\demo\YiiRoot\framework\web\actions\CInlineAction.php(50): UserController->actionLogin()
#10 X:\home\demo\YiiRoot\framework\web\CController.php(309): CInlineAction->runWithParams(Array)
#11 X:\home\demo\YiiRoot\framework\web\CController.php(287): CController->runAction(Object(CInlineAction))
#12 X:\home\demo\YiiRoot\framework\web\CController.php(266): CController->runActionWithFilters(Object(CInlineAction), Array)
#13 X:\home\demo\YiiRoot\framework\web\CWebApplication.php(283): CController->run('login')
#14 X:\home\demo\YiiRoot\framework\web\CWebApplication.php(142): CWebApplication->runController('')
#15 X:\home\demo\YiiRoot\framework\base\CApplication.php(162): CWebApplication->processRequest()
#16 X:\home\demo\www\forms\index.php(13): CApplication->run()
#17 {main}
REQUEST_URI=/forms/
---
2012/09/28 23:47:06 [error] [exception.CException] exception 'CException' with message 'CActiveForm and its behaviors do not have a method or closure named "isAttributeRequired".' in X:\home\demo\YiiRoot\framework\base\CComponent.php:266
Stack trace:
#0 X:\home\demo\YiiRoot\framework\web\helpers\CHtml.php(1197): CComponent->__call('isAttributeRequ...', Array)
#1 X:\home\demo\YiiRoot\framework\web\helpers\CHtml.php(1197): CActiveForm->isAttributeRequired('login')
#2 X:\home\demo\YiiRoot\framework\web\widgets\CActiveForm.php(563): CHtml::activeLabelEx(Object(CActiveForm), 'login', Array)
#3 X:\home\demo\www\forms\protected\views\user\login.php(13): CActiveForm->labelEx(Object(CActiveForm), 'login')
#4 X:\home\demo\YiiRoot\framework\web\CBaseController.php(127): require('X:\home\demo\ww...')
#5 X:\home\demo\YiiRoot\framework\web\CBaseController.php(96): CBaseController->renderInternal('X:\home\demo\ww...', Array, true)
#6 X:\home\demo\YiiRoot\framework\web\CController.php(870): CBaseController->renderFile('X:\home\demo\ww...', Array, true)
#7 X:\home\demo\YiiRoot\framework\web\CController.php(783): CController->renderPartial('login', Array, true)
#8 X:\home\demo\www\forms\protected\controllers\UserController.php(55): CController->render('login', Array)
#9 X:\home\demo\YiiRoot\framework\web\actions\CInlineAction.php(50): UserController->actionLogin()
#10 X:\home\demo\YiiRoot\framework\web\CController.php(309): CInlineAction->runWithParams(Array)
#11 X:\home\demo\YiiRoot\framework\web\CController.php(287): CController->runAction(Object(CInlineAction))
#12 X:\home\demo\YiiRoot\framework\web\CController.php(266): CController->runActionWithFilters(Object(CInlineAction), Array)
#13 X:\home\demo\YiiRoot\framework\web\CWebApplication.php(283): CController->run('login')
#14 X:\home\demo\YiiRoot\framework\web\CWebApplication.php(142): CWebApplication->runController('')
#15 X:\home\demo\YiiRoot\framework\base\CApplication.php(162): CWebApplication->processRequest()
#16 X:\home\demo\www\forms\index.php(13): CApplication->run()
#17 {main}
REQUEST_URI=/forms/
---
2012/09/28 23:49:19 [error] [exception.CException] exception 'CException' with message 'CActiveForm and its behaviors do not have a method or closure named "isAttributeRequired".' in X:\home\demo\YiiRoot\framework\base\CComponent.php:266
Stack trace:
#0 X:\home\demo\YiiRoot\framework\web\helpers\CHtml.php(1197): CComponent->__call('isAttributeRequ...', Array)
#1 X:\home\demo\YiiRoot\framework\web\helpers\CHtml.php(1197): CActiveForm->isAttributeRequired('login')
#2 X:\home\demo\YiiRoot\framework\web\widgets\CActiveForm.php(563): CHtml::activeLabelEx(Object(CActiveForm), 'login', Array)
#3 X:\home\demo\www\forms\protected\views\user\login.php(13): CActiveForm->labelEx(Object(CActiveForm), 'login')
#4 X:\home\demo\YiiRoot\framework\web\CBaseController.php(127): require('X:\home\demo\ww...')
#5 X:\home\demo\YiiRoot\framework\web\CBaseController.php(96): CBaseController->renderInternal('X:\home\demo\ww...', Array, true)
#6 X:\home\demo\YiiRoot\framework\web\CController.php(870): CBaseController->renderFile('X:\home\demo\ww...', Array, true)
#7 X:\home\demo\YiiRoot\framework\web\CController.php(783): CController->renderPartial('login', Array, true)
#8 X:\home\demo\www\forms\protected\controllers\UserController.php(55): CController->render('login', Array)
#9 X:\home\demo\YiiRoot\framework\web\actions\CInlineAction.php(50): UserController->actionLogin()
#10 X:\home\demo\YiiRoot\framework\web\CController.php(309): CInlineAction->runWithParams(Array)
#11 X:\home\demo\YiiRoot\framework\web\CController.php(287): CController->runAction(Object(CInlineAction))
#12 X:\home\demo\YiiRoot\framework\web\CController.php(266): CController->runActionWithFilters(Object(CInlineAction), Array)
#13 X:\home\demo\YiiRoot\framework\web\CWebApplication.php(283): CController->run('login')
#14 X:\home\demo\YiiRoot\framework\web\CWebApplication.php(142): CWebApplication->runController('')
#15 X:\home\demo\YiiRoot\framework\base\CApplication.php(162): CWebApplication->processRequest()
#16 X:\home\demo\www\forms\index.php(13): CApplication->run()
#17 {main}
REQUEST_URI=/forms/
---
2012/09/28 23:49:31 [error] [exception.CException] exception 'CException' with message 'Property "CActiveForm.Enter" is not defined.' in X:\home\demo\YiiRoot\framework\base\CComponent.php:131
Stack trace:
#0 X:\home\demo\www\forms\protected\views\user\login.php(16): CComponent->__get('Enter')
#1 X:\home\demo\YiiRoot\framework\web\CBaseController.php(127): require('X:\home\demo\ww...')
#2 X:\home\demo\YiiRoot\framework\web\CBaseController.php(96): CBaseController->renderInternal('X:\home\demo\ww...', Array, true)
#3 X:\home\demo\YiiRoot\framework\web\CController.php(870): CBaseController->renderFile('X:\home\demo\ww...', Array, true)
#4 X:\home\demo\YiiRoot\framework\web\CController.php(783): CController->renderPartial('login', Array, true)
#5 X:\home\demo\www\forms\protected\controllers\UserController.php(55): CController->render('login', Array)
#6 X:\home\demo\YiiRoot\framework\web\actions\CInlineAction.php(50): UserController->actionLogin()
#7 X:\home\demo\YiiRoot\framework\web\CController.php(309): CInlineAction->runWithParams(Array)
#8 X:\home\demo\YiiRoot\framework\web\CController.php(287): CController->runAction(Object(CInlineAction))
#9 X:\home\demo\YiiRoot\framework\web\CController.php(266): CController->runActionWithFilters(Object(CInlineAction), Array)
#10 X:\home\demo\YiiRoot\framework\web\CWebApplication.php(283): CController->run('login')
#11 X:\home\demo\YiiRoot\framework\web\CWebApplication.php(142): CWebApplication->runController('')
#12 X:\home\demo\YiiRoot\framework\base\CApplication.php(162): CWebApplication->processRequest()
#13 X:\home\demo\www\forms\index.php(13): CApplication->run()
#14 {main}
REQUEST_URI=/forms/
---
2012/09/28 23:49:43 [error] [exception.CException] exception 'CException' with message 'CActiveForm and its behaviors do not have a method or closure named "isAttributeRequired".' in X:\home\demo\YiiRoot\framework\base\CComponent.php:266
Stack trace:
#0 X:\home\demo\YiiRoot\framework\web\helpers\CHtml.php(1197): CComponent->__call('isAttributeRequ...', Array)
#1 X:\home\demo\YiiRoot\framework\web\helpers\CHtml.php(1197): CActiveForm->isAttributeRequired('login')
#2 X:\home\demo\YiiRoot\framework\web\widgets\CActiveForm.php(563): CHtml::activeLabelEx(Object(CActiveForm), 'login', Array)
#3 X:\home\demo\www\forms\protected\views\user\login.php(13): CActiveForm->labelEx(Object(CActiveForm), 'login')
#4 X:\home\demo\YiiRoot\framework\web\CBaseController.php(127): require('X:\home\demo\ww...')
#5 X:\home\demo\YiiRoot\framework\web\CBaseController.php(96): CBaseController->renderInternal('X:\home\demo\ww...', Array, true)
#6 X:\home\demo\YiiRoot\framework\web\CController.php(870): CBaseController->renderFile('X:\home\demo\ww...', Array, true)
#7 X:\home\demo\YiiRoot\framework\web\CController.php(783): CController->renderPartial('login', Array, true)
#8 X:\home\demo\www\forms\protected\controllers\UserController.php(55): CController->render('login', Array)
#9 X:\home\demo\YiiRoot\framework\web\actions\CInlineAction.php(50): UserController->actionLogin()
#10 X:\home\demo\YiiRoot\framework\web\CController.php(309): CInlineAction->runWithParams(Array)
#11 X:\home\demo\YiiRoot\framework\web\CController.php(287): CController->runAction(Object(CInlineAction))
#12 X:\home\demo\YiiRoot\framework\web\CController.php(266): CController->runActionWithFilters(Object(CInlineAction), Array)
#13 X:\home\demo\YiiRoot\framework\web\CWebApplication.php(283): CController->run('login')
#14 X:\home\demo\YiiRoot\framework\web\CWebApplication.php(142): CWebApplication->runController('')
#15 X:\home\demo\YiiRoot\framework\base\CApplication.php(162): CWebApplication->processRequest()
#16 X:\home\demo\www\forms\index.php(13): CApplication->run()
#17 {main}
REQUEST_URI=/forms/
---
2012/09/28 23:49:45 [error] [exception.CException] exception 'CException' with message 'CActiveForm and its behaviors do not have a method or closure named "isAttributeRequired".' in X:\home\demo\YiiRoot\framework\base\CComponent.php:266
Stack trace:
#0 X:\home\demo\YiiRoot\framework\web\helpers\CHtml.php(1197): CComponent->__call('isAttributeRequ...', Array)
#1 X:\home\demo\YiiRoot\framework\web\helpers\CHtml.php(1197): CActiveForm->isAttributeRequired('login')
#2 X:\home\demo\YiiRoot\framework\web\widgets\CActiveForm.php(563): CHtml::activeLabelEx(Object(CActiveForm), 'login', Array)
#3 X:\home\demo\www\forms\protected\views\user\login.php(13): CActiveForm->labelEx(Object(CActiveForm), 'login')
#4 X:\home\demo\YiiRoot\framework\web\CBaseController.php(127): require('X:\home\demo\ww...')
#5 X:\home\demo\YiiRoot\framework\web\CBaseController.php(96): CBaseController->renderInternal('X:\home\demo\ww...', Array, true)
#6 X:\home\demo\YiiRoot\framework\web\CController.php(870): CBaseController->renderFile('X:\home\demo\ww...', Array, true)
#7 X:\home\demo\YiiRoot\framework\web\CController.php(783): CController->renderPartial('login', Array, true)
#8 X:\home\demo\www\forms\protected\controllers\UserController.php(55): CController->render('login', Array)
#9 X:\home\demo\YiiRoot\framework\web\actions\CInlineAction.php(50): UserController->actionLogin()
#10 X:\home\demo\YiiRoot\framework\web\CController.php(309): CInlineAction->runWithParams(Array)
#11 X:\home\demo\YiiRoot\framework\web\CController.php(287): CController->runAction(Object(CInlineAction))
#12 X:\home\demo\YiiRoot\framework\web\CController.php(266): CController->runActionWithFilters(Object(CInlineAction), Array)
#13 X:\home\demo\YiiRoot\framework\web\CWebApplication.php(283): CController->run('login')
#14 X:\home\demo\YiiRoot\framework\web\CWebApplication.php(142): CWebApplication->runController('')
#15 X:\home\demo\YiiRoot\framework\base\CApplication.php(162): CWebApplication->processRequest()
#16 X:\home\demo\www\forms\index.php(13): CApplication->run()
#17 {main}
REQUEST_URI=/forms/
---
2012/09/28 23:50:37 [error] [exception.CException] exception 'CException' with message 'CActiveForm and its behaviors do not have a method or closure named "isAttributeRequired".' in X:\home\demo\YiiRoot\framework\base\CComponent.php:266
Stack trace:
#0 X:\home\demo\YiiRoot\framework\web\helpers\CHtml.php(1197): CComponent->__call('isAttributeRequ...', Array)
#1 X:\home\demo\YiiRoot\framework\web\helpers\CHtml.php(1197): CActiveForm->isAttributeRequired('login')
#2 X:\home\demo\YiiRoot\framework\web\widgets\CActiveForm.php(563): CHtml::activeLabelEx(Object(CActiveForm), 'login', Array)
#3 X:\home\demo\www\forms\protected\views\user\login.php(13): CActiveForm->labelEx(Object(CActiveForm), 'login')
#4 X:\home\demo\YiiRoot\framework\web\CBaseController.php(127): require('X:\home\demo\ww...')
#5 X:\home\demo\YiiRoot\framework\web\CBaseController.php(96): CBaseController->renderInternal('X:\home\demo\ww...', Array, true)
#6 X:\home\demo\YiiRoot\framework\web\CController.php(870): CBaseController->renderFile('X:\home\demo\ww...', Array, true)
#7 X:\home\demo\YiiRoot\framework\web\CController.php(783): CController->renderPartial('login', Array, true)
#8 X:\home\demo\www\forms\protected\controllers\UserController.php(55): CController->render('login', Array)
#9 X:\home\demo\YiiRoot\framework\web\actions\CInlineAction.php(50): UserController->actionLogin()
#10 X:\home\demo\YiiRoot\framework\web\CController.php(309): CInlineAction->runWithParams(Array)
#11 X:\home\demo\YiiRoot\framework\web\CController.php(287): CController->runAction(Object(CInlineAction))
#12 X:\home\demo\YiiRoot\framework\web\CController.php(266): CController->runActionWithFilters(Object(CInlineAction), Array)
#13 X:\home\demo\YiiRoot\framework\web\CWebApplication.php(283): CController->run('login')
#14 X:\home\demo\YiiRoot\framework\web\CWebApplication.php(142): CWebApplication->runController('')
#15 X:\home\demo\YiiRoot\framework\base\CApplication.php(162): CWebApplication->processRequest()
#16 X:\home\demo\www\forms\index.php(13): CApplication->run()
#17 {main}
REQUEST_URI=/forms/
---
2012/09/28 23:50:54 [error] [exception.CException] exception 'CException' with message 'CActiveForm and its behaviors do not have a method or closure named "isAttributeRequired".' in X:\home\demo\YiiRoot\framework\base\CComponent.php:266
Stack trace:
#0 X:\home\demo\YiiRoot\framework\web\helpers\CHtml.php(1197): CComponent->__call('isAttributeRequ...', Array)
#1 X:\home\demo\YiiRoot\framework\web\helpers\CHtml.php(1197): CActiveForm->isAttributeRequired('login')
#2 X:\home\demo\YiiRoot\framework\web\widgets\CActiveForm.php(563): CHtml::activeLabelEx(Object(CActiveForm), 'login', Array)
#3 X:\home\demo\www\forms\protected\views\user\login.php(13): CActiveForm->labelEx(Object(CActiveForm), 'login')
#4 X:\home\demo\YiiRoot\framework\web\CBaseController.php(127): require('X:\home\demo\ww...')
#5 X:\home\demo\YiiRoot\framework\web\CBaseController.php(96): CBaseController->renderInternal('X:\home\demo\ww...', Array, true)
#6 X:\home\demo\YiiRoot\framework\web\CController.php(870): CBaseController->renderFile('X:\home\demo\ww...', Array, true)
#7 X:\home\demo\YiiRoot\framework\web\CController.php(783): CController->renderPartial('login', Array, true)
#8 X:\home\demo\www\forms\protected\controllers\UserController.php(55): CController->render('login', Array)
#9 X:\home\demo\YiiRoot\framework\web\actions\CInlineAction.php(50): UserController->actionLogin()
#10 X:\home\demo\YiiRoot\framework\web\CController.php(309): CInlineAction->runWithParams(Array)
#11 X:\home\demo\YiiRoot\framework\web\CController.php(287): CController->runAction(Object(CInlineAction))
#12 X:\home\demo\YiiRoot\framework\web\CController.php(266): CController->runActionWithFilters(Object(CInlineAction), Array)
#13 X:\home\demo\YiiRoot\framework\web\CWebApplication.php(283): CController->run('login')
#14 X:\home\demo\YiiRoot\framework\web\CWebApplication.php(142): CWebApplication->runController('')
#15 X:\home\demo\YiiRoot\framework\base\CApplication.php(162): CWebApplication->processRequest()
#16 X:\home\demo\www\forms\index.php(13): CApplication->run()
#17 {main}
REQUEST_URI=/forms/
---
2012/09/28 23:51:12 [error] [exception.CHttpException.404] exception 'CHttpException' with message 'The system is unable to find the requested action "index".' in X:\home\demo\YiiRoot\framework\web\CController.php:484
Stack trace:
#0 X:\home\demo\YiiRoot\framework\web\CController.php(271): CController->missingAction('')
#1 X:\home\demo\YiiRoot\framework\web\CWebApplication.php(283): CController->run('')
#2 X:\home\demo\YiiRoot\framework\web\CWebApplication.php(142): CWebApplication->runController('user')
#3 X:\home\demo\YiiRoot\framework\base\CApplication.php(162): CWebApplication->processRequest()
#4 X:\home\demo\www\forms\index.php(13): CApplication->run()
#5 {main}
REQUEST_URI=/forms/?r=user
---
2012/09/28 23:51:17 [error] [exception.CException] exception 'CException' with message 'CActiveForm and its behaviors do not have a method or closure named "isAttributeRequired".' in X:\home\demo\YiiRoot\framework\base\CComponent.php:266
Stack trace:
#0 X:\home\demo\YiiRoot\framework\web\helpers\CHtml.php(1197): CComponent->__call('isAttributeRequ...', Array)
#1 X:\home\demo\YiiRoot\framework\web\helpers\CHtml.php(1197): CActiveForm->isAttributeRequired('login')
#2 X:\home\demo\YiiRoot\framework\web\widgets\CActiveForm.php(563): CHtml::activeLabelEx(Object(CActiveForm), 'login', Array)
#3 X:\home\demo\www\forms\protected\views\user\login.php(13): CActiveForm->labelEx(Object(CActiveForm), 'login')
#4 X:\home\demo\YiiRoot\framework\web\CBaseController.php(127): require('X:\home\demo\ww...')
#5 X:\home\demo\YiiRoot\framework\web\CBaseController.php(96): CBaseController->renderInternal('X:\home\demo\ww...', Array, true)
#6 X:\home\demo\YiiRoot\framework\web\CController.php(870): CBaseController->renderFile('X:\home\demo\ww...', Array, true)
#7 X:\home\demo\YiiRoot\framework\web\CController.php(783): CController->renderPartial('login', Array, true)
#8 X:\home\demo\www\forms\protected\controllers\UserController.php(55): CController->render('login', Array)
#9 X:\home\demo\YiiRoot\framework\web\actions\CInlineAction.php(50): UserController->actionLogin()
#10 X:\home\demo\YiiRoot\framework\web\CController.php(309): CInlineAction->runWithParams(Array)
#11 X:\home\demo\YiiRoot\framework\web\CController.php(287): CController->runAction(Object(CInlineAction))
#12 X:\home\demo\YiiRoot\framework\web\CController.php(266): CController->runActionWithFilters(Object(CInlineAction), Array)
#13 X:\home\demo\YiiRoot\framework\web\CWebApplication.php(283): CController->run('login')
#14 X:\home\demo\YiiRoot\framework\web\CWebApplication.php(142): CWebApplication->runController('user/login')
#15 X:\home\demo\YiiRoot\framework\base\CApplication.php(162): CWebApplication->processRequest()
#16 X:\home\demo\www\forms\index.php(13): CApplication->run()
#17 {main}
REQUEST_URI=/forms/?r=user/login
---
2012/09/28 23:59:41 [error] [exception.CHttpException.403] exception 'CHttpException' with message 'You are not authorized to perform this action.' in X:\home\demo\YiiRoot\framework\web\auth\CAccessControlFilter.php:170
Stack trace:
#0 X:\home\demo\YiiRoot\framework\web\auth\CAccessControlFilter.php(133): CAccessControlFilter->accessDenied(Object(CWebUser), 'You are not aut...')
#1 X:\home\demo\YiiRoot\framework\web\filters\CFilter.php(39): CAccessControlFilter->preFilter(Object(CFilterChain))
#2 X:\home\demo\YiiRoot\framework\web\CController.php(1146): CFilter->filter(Object(CFilterChain))
#3 X:\home\demo\YiiRoot\framework\web\filters\CInlineFilter.php(59): CController->filterAccessControl(Object(CFilterChain))
#4 X:\home\demo\YiiRoot\framework\web\filters\CFilterChain.php(131): CInlineFilter->filter(Object(CFilterChain))
#5 X:\home\demo\YiiRoot\framework\web\CController.php(292): CFilterChain->run()
#6 X:\home\demo\YiiRoot\framework\web\CController.php(266): CController->runActionWithFilters(Object(CInlineAction), Array)
#7 X:\home\demo\YiiRoot\framework\web\CWebApplication.php(283): CController->run('index')
#8 X:\home\demo\YiiRoot\framework\web\CWebApplication.php(142): CWebApplication->runController('users/index')
#9 X:\home\demo\YiiRoot\framework\base\CApplication.php(162): CWebApplication->processRequest()
#10 X:\home\demo\www\forms\index.php(13): CApplication->run()
#11 {main}
REQUEST_URI=/forms/index.php?r=users/index
HTTP_REFERER=http://demo/forms/index.php?r=post/index
---
2012/09/28 23:59:42 [error] [exception.CHttpException.403] exception 'CHttpException' with message 'You are not authorized to perform this action.' in X:\home\demo\YiiRoot\framework\web\auth\CAccessControlFilter.php:170
Stack trace:
#0 X:\home\demo\YiiRoot\framework\web\auth\CAccessControlFilter.php(133): CAccessControlFilter->accessDenied(Object(CWebUser), 'You are not aut...')
#1 X:\home\demo\YiiRoot\framework\web\filters\CFilter.php(39): CAccessControlFilter->preFilter(Object(CFilterChain))
#2 X:\home\demo\YiiRoot\framework\web\CController.php(1146): CFilter->filter(Object(CFilterChain))
#3 X:\home\demo\YiiRoot\framework\web\filters\CInlineFilter.php(59): CController->filterAccessControl(Object(CFilterChain))
#4 X:\home\demo\YiiRoot\framework\web\filters\CFilterChain.php(131): CInlineFilter->filter(Object(CFilterChain))
#5 X:\home\demo\YiiRoot\framework\web\CController.php(292): CFilterChain->run()
#6 X:\home\demo\YiiRoot\framework\web\CController.php(266): CController->runActionWithFilters(Object(CInlineAction), Array)
#7 X:\home\demo\YiiRoot\framework\web\CWebApplication.php(283): CController->run('index')
#8 X:\home\demo\YiiRoot\framework\web\CWebApplication.php(142): CWebApplication->runController('users/index')
#9 X:\home\demo\YiiRoot\framework\base\CApplication.php(162): CWebApplication->processRequest()
#10 X:\home\demo\www\forms\index.php(13): CApplication->run()
#11 {main}
REQUEST_URI=/forms/index.php?r=users/index
HTTP_REFERER=http://demo/forms/index.php?r=post/index
---
2012/09/29 00:00:16 [error] [exception.CHttpException.403] exception 'CHttpException' with message 'You are not authorized to perform this action.' in X:\home\demo\YiiRoot\framework\web\auth\CAccessControlFilter.php:170
Stack trace:
#0 X:\home\demo\YiiRoot\framework\web\auth\CAccessControlFilter.php(133): CAccessControlFilter->accessDenied(Object(CWebUser), 'You are not aut...')
#1 X:\home\demo\YiiRoot\framework\web\filters\CFilter.php(39): CAccessControlFilter->preFilter(Object(CFilterChain))
#2 X:\home\demo\YiiRoot\framework\web\CController.php(1146): CFilter->filter(Object(CFilterChain))
#3 X:\home\demo\YiiRoot\framework\web\filters\CInlineFilter.php(59): CController->filterAccessControl(Object(CFilterChain))
#4 X:\home\demo\YiiRoot\framework\web\filters\CFilterChain.php(131): CInlineFilter->filter(Object(CFilterChain))
#5 X:\home\demo\YiiRoot\framework\web\CController.php(292): CFilterChain->run()
#6 X:\home\demo\YiiRoot\framework\web\CController.php(266): CController->runActionWithFilters(Object(CInlineAction), Array)
#7 X:\home\demo\YiiRoot\framework\web\CWebApplication.php(283): CController->run('index')
#8 X:\home\demo\YiiRoot\framework\web\CWebApplication.php(142): CWebApplication->runController('users/index')
#9 X:\home\demo\YiiRoot\framework\base\CApplication.php(162): CWebApplication->processRequest()
#10 X:\home\demo\www\forms\index.php(13): CApplication->run()
#11 {main}
REQUEST_URI=/forms/index.php?r=users/index
HTTP_REFERER=http://demo/forms/index.php?r=post/index
---
2012/09/29 00:41:59 [error] [exception.CHttpException.403] exception 'CHttpException' with message 'You are not authorized to perform this action.' in X:\home\demo\YiiRoot\framework\web\auth\CAccessControlFilter.php:170
Stack trace:
#0 X:\home\demo\YiiRoot\framework\web\auth\CAccessControlFilter.php(133): CAccessControlFilter->accessDenied(Object(CWebUser), 'You are not aut...')
#1 X:\home\demo\YiiRoot\framework\web\filters\CFilter.php(39): CAccessControlFilter->preFilter(Object(CFilterChain))
#2 X:\home\demo\YiiRoot\framework\web\CController.php(1146): CFilter->filter(Object(CFilterChain))
#3 X:\home\demo\YiiRoot\framework\web\filters\CInlineFilter.php(59): CController->filterAccessControl(Object(CFilterChain))
#4 X:\home\demo\YiiRoot\framework\web\filters\CFilterChain.php(131): CInlineFilter->filter(Object(CFilterChain))
#5 X:\home\demo\YiiRoot\framework\web\CController.php(292): CFilterChain->run()
#6 X:\home\demo\YiiRoot\framework\web\CController.php(266): CController->runActionWithFilters(Object(CInlineAction), Array)
#7 X:\home\demo\YiiRoot\framework\web\CWebApplication.php(283): CController->run('index')
#8 X:\home\demo\YiiRoot\framework\web\CWebApplication.php(142): CWebApplication->runController('users/index')
#9 X:\home\demo\YiiRoot\framework\base\CApplication.php(162): CWebApplication->processRequest()
#10 X:\home\demo\www\forms\index.php(13): CApplication->run()
#11 {main}
REQUEST_URI=/forms/index.php?r=users/index
HTTP_REFERER=http://demo/forms/index.php?r=post/index
---
2012/09/29 00:42:04 [error] [exception.CHttpException.403] exception 'CHttpException' with message 'You are not authorized to perform this action.' in X:\home\demo\YiiRoot\framework\web\auth\CAccessControlFilter.php:170
Stack trace:
#0 X:\home\demo\YiiRoot\framework\web\auth\CAccessControlFilter.php(133): CAccessControlFilter->accessDenied(Object(CWebUser), 'You are not aut...')
#1 X:\home\demo\YiiRoot\framework\web\filters\CFilter.php(39): CAccessControlFilter->preFilter(Object(CFilterChain))
#2 X:\home\demo\YiiRoot\framework\web\CController.php(1146): CFilter->filter(Object(CFilterChain))
#3 X:\home\demo\YiiRoot\framework\web\filters\CInlineFilter.php(59): CController->filterAccessControl(Object(CFilterChain))
#4 X:\home\demo\YiiRoot\framework\web\filters\CFilterChain.php(131): CInlineFilter->filter(Object(CFilterChain))
#5 X:\home\demo\YiiRoot\framework\web\CController.php(292): CFilterChain->run()
#6 X:\home\demo\YiiRoot\framework\web\CController.php(266): CController->runActionWithFilters(Object(CInlineAction), Array)
#7 X:\home\demo\YiiRoot\framework\web\CWebApplication.php(283): CController->run('profile')
#8 X:\home\demo\YiiRoot\framework\web\CWebApplication.php(142): CWebApplication->runController('users/profile')
#9 X:\home\demo\YiiRoot\framework\base\CApplication.php(162): CWebApplication->processRequest()
#10 X:\home\demo\www\forms\index.php(13): CApplication->run()
#11 {main}
REQUEST_URI=/forms/index.php?r=users/profile&id=77
HTTP_REFERER=http://demo/forms/index.php?r=post/index
---
2012/09/29 00:42:26 [error] [exception.CHttpException.403] exception 'CHttpException' with message 'You are not authorized to perform this action.' in X:\home\demo\YiiRoot\framework\web\auth\CAccessControlFilter.php:170
Stack trace:
#0 X:\home\demo\YiiRoot\framework\web\auth\CAccessControlFilter.php(133): CAccessControlFilter->accessDenied(Object(CWebUser), 'You are not aut...')
#1 X:\home\demo\YiiRoot\framework\web\filters\CFilter.php(39): CAccessControlFilter->preFilter(Object(CFilterChain))
#2 X:\home\demo\YiiRoot\framework\web\CController.php(1146): CFilter->filter(Object(CFilterChain))
#3 X:\home\demo\YiiRoot\framework\web\filters\CInlineFilter.php(59): CController->filterAccessControl(Object(CFilterChain))
#4 X:\home\demo\YiiRoot\framework\web\filters\CFilterChain.php(131): CInlineFilter->filter(Object(CFilterChain))
#5 X:\home\demo\YiiRoot\framework\web\CController.php(292): CFilterChain->run()
#6 X:\home\demo\YiiRoot\framework\web\CController.php(266): CController->runActionWithFilters(Object(CInlineAction), Array)
#7 X:\home\demo\YiiRoot\framework\web\CWebApplication.php(283): CController->run('profile')
#8 X:\home\demo\YiiRoot\framework\web\CWebApplication.php(142): CWebApplication->runController('users/profile')
#9 X:\home\demo\YiiRoot\framework\base\CApplication.php(162): CWebApplication->processRequest()
#10 X:\home\demo\www\forms\index.php(13): CApplication->run()
#11 {main}
REQUEST_URI=/forms/index.php?r=users/profile&id=77
HTTP_REFERER=http://demo/forms/index.php?r=post/index
---
